Abilene
Akron
Albuquerque
Alexandria
Allen
Allentown
Amarillo
Anaheim
Anchorage
Ann Arbor
Antioch
Arlington
Arvada
Athens
Atlanta
Augusta
Aurora
Aurora
Austin
Bakersfield
Baltimore
Baton Rouge
Beaumont
Bellevue
Berkeley
Billings
Birmingham
Boise
Boston
Boulder
Bridgeport
Broken Arrow
Brownsville
Buffalo
Burbank
Cambridge
Cape Coral
Carlsbad
Carrollton
Cary
Cedar Rapids
Centennial
Chandler
Charleston
Charlotte
Chattanooga
Chesapeake
Chicago
Chula Vista
Cincinnati
Clarksville
Clearwater
Cleveland
Clinton
Clovis
College Station
Colorado Springs
Columbia
Columbia
Columbus
Columbus
Concord
Coral Springs
Corona
Corpus Christi
Costa Mesa
Dallas
Daly City
Davenport
Davie
Dayton
Denton
Denver
Des Moines
Detroit
Downey
Durham
Edison
El Cajon
El Monte
El Paso
Elgin
Elizabeth
Elk Grove
Escondido
Eugene
Evansville
Everett
Fairfield
Fargo
Fayetteville
Fontana
Fort Collins
Fort Lauderdale
Fort Wayne
Fort Worth
Fremont
Fresno
Frisco
Fullerton
Gainesville
Garden Grove
Garland
Gilbert
Glendale
Glendale
Grand Prairie
Grand Rapids
Greeley
Green Bay
Greensboro
Gresham
Hampton
Hartford
Hayward
Henderson
Hialeah
High Point
Hillsboro
Hollywood
Honolulu
Houston
Huntington Beach
Huntsville
Independence
Indianapolis
Inglewood
Irvine
Irving
Jackson
Jacksonville
Jersey City
Joliet
Jurupa Valley
Kansas City
Kansas City
Kent
Killeen
Knoxville
Lafayette
Lakeland
Lakewood
Lakewood
Lancaster
Lansing
Laredo
Las Cruces
Las Vegas
League City
Lewisville
Lexington
Lincoln
Little Rock
Long Beach
Los Angeles
Louisville
Lowell
Lubbock
Macon
Madison
Manchester
McAllen
McKinney
Memphis
Mesa
Mesquite
Miami
Miami Gardens
Midland
Milwaukee
Minneapolis
Miramar
Mobile
Modesto
Montgomery
Moreno Valley
Murfreesboro
Murrieta
Naperville
Nashville
New Haven
New Orleans
New York
Newark
Newport News
Norfolk
Norman
North Charleston
North Las Vegas
Norwalk
Oakland
Oceanside
Odessa
Oklahoma City
Olathe
Omaha
Ontario
Orange
Orlando
Overland Park
Oxnard
Palm Bay
Palmdale
Pasadena
Pasadena
Paterson
Pearland
Pembroke Pines
Peoria
Peoria
Philadelphia
Phoenix
Pittsburgh
Plano
Pomona
Pompano Beach
Port Saint Lucie
Portland
Providence
Provo
Pueblo
Raleigh
Rancho Cucamonga
Reno
Renton
Rialto
Richardson
Richmond
Richmond
Riverside
Rochester
Rochester
Rockford
Roseville
Round Rock
Sacramento
Saint Louis
Saint Paul
Saint Petersburg
Salem
Salinas
Salt Lake City
San Angelo
San Antonio
San Bernardino
San Diego
San Francisco
San Jose
San Mateo
Sandy Springs
Santa Ana
Santa Clara
Santa Clarita
Santa Maria
Santa Rosa
Savannah
Scottsdale
Seattle
Shreveport
Simi Valley
Sioux Falls
South Bend
Sparks
Spokane
Springfield
Springfield
Springfield
Stamford
Sterling Heights
Stockton
Sunnyvale
Surprise
Syracuse
Tacoma
Tallahassee
Tampa
Temecula
Tempe
Thornton
Thousand Oaks
Toledo
Topeka
Torrance
Tucson
Tulsa
Tuscaloosa
Tyler
Vacaville
Vallejo
Vancouver
Ventura
Victorville
Virginia Beach
Visalia
Vista
Waco
Warren
Washington
Waterbury
West Covina
West Jordan
West Palm Beach
West Valley City
Westminster
Wichita
Wichita Falls
Wilmington
Winston–Salem
Woodbridge
Worcester
Yonkers